        -:    0:Source:SeamlessPayCoreTests/SPFPXBankBrandTest.m
        -:    0:Graph:/Users/sb/Library/Developer/Xcode/DerivedData/SeamlessPayCore-hhzsuewgtnajsudfmilhnmvjpivn/Build/Intermediates.noindex/SeamlessPayCore.build/Debug-iphonesimulator/SeamlessPayCoreTests.build/Objects-normal/x86_64/SPFPXBankBrandTest.gcno
        -:    0:Data:/Users/sb/Library/Developer/Xcode/DerivedData/SeamlessPayCore-hhzsuewgtnajsudfmilhnmvjpivn/Build/Intermediates.noindex/SeamlessPayCore.build/Debug-iphonesimulator/SeamlessPayCoreTests.build/Objects-normal/x86_64/SPFPXBankBrandTest.gcda
        -:    0:Runs:1
        -:    0:Programs:1
        -:    1://
        -:    2://  SPFPXBankBrandTest.m
        -:    3://  SeamlessPayCoreTests
        -:    4://
        -:    5://
        -:    6:
        -:    7:#import <XCTest/XCTest.h>
        -:    8:
        -:    9:#import "../../SeamlessPayCore/Classes/SPFPXBankBrand.h"
        -:   10:
        -:   11:@interface SPFPXBankBrandTest : XCTestCase
        -:   12:
        -:   13:@end
        -:   14:
        -:   15:@implementation SPFPXBankBrandTest
        -:   16:
        1:   17:- (void)setUp {
        -:   18:    // Put setup code here. This method is called before the invocation of each test method in the class.
        1:   19:}
        -:   20:
        1:   21:- (void)tearDown {
        -:   22:    // Put teardown code here. This method is called after the invocation of each test method in the class.
        1:   23:}
        -:   24:
        1:   25:- (void)testStringFromBrand {
       21:   26:    NSArray<NSNumber *> *brands = @[
        1:   27:                                    @(SPFPXBankBrandAffinBank),
        1:   28:                                    @(SPFPXBankBrandAllianceBank),
        1:   29:                                    @(SPFPXBankBrandAmbank),
        1:   30:                                    @(SPFPXBankBrandBankIslam),
        1:   31:                                    @(SPFPXBankBrandBankMuamalat),
        1:   32:                                    @(SPFPXBankBrandBankRakyat),
        1:   33:                                    @(SPFPXBankBrandBSN),
        1:   34:                                    @(SPFPXBankBrandCIMB),
        1:   35:                                    @(SPFPXBankBrandHongLeongBank),
        1:   36:                                    @(SPFPXBankBrandHSBC),
        1:   37:                                    @(SPFPXBankBrandKFH),
        1:   38:                                    @(SPFPXBankBrandMaybank2E),
        1:   39:                                    @(SPFPXBankBrandMaybank2U),
        1:   40:                                    @(SPFPXBankBrandOcbc),
        1:   41:                                    @(SPFPXBankBrandPublicBank),
        1:   42:                                    @(SPFPXBankBrandCIMB),
        1:   43:                                    @(SPFPXBankBrandRHB),
        1:   44:                                    @(SPFPXBankBrandStandardChartered),
        1:   45:                                    @(SPFPXBankBrandUOB),
        1:   46:                                    @(SPFPXBankBrandUnknown),
        -:   47:                                    ];
        -:   48:
       20:   49:    for (NSNumber *brandNumber in brands) {
       20:   50:        SPFPXBankBrand brand = [brandNumber integerValue];
       20:   51:        NSString *brandName = SPStringFromFPXBankBrand(brand);
       20:   52:        NSString *brandID = SPIdentifierFromFPXBankBrand(brand);
       20:   53:        SPFPXBankBrand reverseTransformedBrand = SPFPXBankBrandFromIdentifier(brandID);
       20:   54:        XCTAssertEqual(reverseTransformedBrand, brand);
        -:   55:
       20:   56:        switch (brand) {
        -:   57:            case SPFPXBankBrandAffinBank:
        1:   58:                XCTAssertEqualObjects(brandID, @"affin_bank");
        1:   59:                XCTAssertEqualObjects(brandName, @"Affin Bank");
        2:   60:                break;
        -:   61:            case SPFPXBankBrandAllianceBank:
        1:   62:                XCTAssertEqualObjects(brandID, @"alliance_bank");
        1:   63:                XCTAssertEqualObjects(brandName, @"Alliance Bank");
        2:   64:                break;
        -:   65:            case SPFPXBankBrandAmbank:
        1:   66:                XCTAssertEqualObjects(brandID, @"ambank");
        1:   67:                XCTAssertEqualObjects(brandName, @"AmBank");
        2:   68:                break;
        -:   69:            case SPFPXBankBrandBankIslam:
        1:   70:                XCTAssertEqualObjects(brandID, @"bank_islam");
        1:   71:                XCTAssertEqualObjects(brandName, @"Bank Islam");
        2:   72:                break;
        -:   73:            case SPFPXBankBrandBankMuamalat:
        1:   74:                XCTAssertEqualObjects(brandID, @"bank_muamalat");
        1:   75:                XCTAssertEqualObjects(brandName, @"Bank Muamalat");
        2:   76:                break;
        -:   77:            case SPFPXBankBrandBankRakyat:
        1:   78:                XCTAssertEqualObjects(brandID, @"bank_rakyat");
        1:   79:                XCTAssertEqualObjects(brandName, @"Bank Rakyat");
        2:   80:                break;
        -:   81:            case SPFPXBankBrandBSN:
        1:   82:                XCTAssertEqualObjects(brandID, @"bsn");
        1:   83:                XCTAssertEqualObjects(brandName, @"BSN");
        3:   84:                break;
        -:   85:            case SPFPXBankBrandCIMB:
        2:   86:                XCTAssertEqualObjects(brandID, @"cimb");
        2:   87:                XCTAssertEqualObjects(brandName, @"CIMB Clicks");
        3:   88:                break;
        -:   89:            case SPFPXBankBrandHongLeongBank:
        1:   90:                XCTAssertEqualObjects(brandID, @"hong_leong_bank");
        1:   91:                XCTAssertEqualObjects(brandName, @"Hong Leong Bank");
        2:   92:                break;
        -:   93:            case SPFPXBankBrandHSBC:
        1:   94:                XCTAssertEqualObjects(brandID, @"hsbc");
        1:   95:                XCTAssertEqualObjects(brandName, @"HSBC BANK");
        2:   96:                break;
        -:   97:            case SPFPXBankBrandKFH:
        1:   98:                XCTAssertEqualObjects(brandID, @"kfh");
        1:   99:                XCTAssertEqualObjects(brandName, @"KFH");
        2:  100:                break;
        -:  101:            case SPFPXBankBrandMaybank2E:
        1:  102:                XCTAssertEqualObjects(brandID, @"maybank2e");
        1:  103:                XCTAssertEqualObjects(brandName, @"Maybank2E");
        2:  104:                break;
        -:  105:            case SPFPXBankBrandMaybank2U:
        1:  106:                XCTAssertEqualObjects(brandID, @"maybank2u");
        1:  107:                XCTAssertEqualObjects(brandName, @"Maybank2U");
        2:  108:                break;
        -:  109:            case SPFPXBankBrandOcbc:
        1:  110:                XCTAssertEqualObjects(brandID, @"ocbc");
        1:  111:                XCTAssertEqualObjects(brandName, @"OCBC Bank");
        2:  112:                break;
        -:  113:            case SPFPXBankBrandPublicBank:
        1:  114:                XCTAssertEqualObjects(brandID, @"public_bank");
        1:  115:                XCTAssertEqualObjects(brandName, @"Public Bank");
        2:  116:                break;
        -:  117:            case SPFPXBankBrandRHB:
        1:  118:                XCTAssertEqualObjects(brandID, @"rhb");
        1:  119:                XCTAssertEqualObjects(brandName, @"RHB Bank");
        2:  120:                break;
        -:  121:            case SPFPXBankBrandStandardChartered:
        1:  122:                XCTAssertEqualObjects(brandID, @"standard_chartered");
        1:  123:                XCTAssertEqualObjects(brandName, @"Standard Chartered");
        2:  124:                break;
        -:  125:            case SPFPXBankBrandUOB:
        1:  126:                XCTAssertEqualObjects(brandID, @"uob");
        1:  127:                XCTAssertEqualObjects(brandName, @"UOB Bank");
        2:  128:                break;
        -:  129:            case SPFPXBankBrandUnknown:
        1:  130:                XCTAssertEqualObjects(brandID, @"unknown");
        1:  131:                XCTAssertEqualObjects(brandName, @"Unknown");
        1:  132:                break;
       20:  133:        }
       20:  134:    };
        1:  135:}
        -:  136:@end
