        -:    0:Source:SeamlessPayCoreTests/SPImageLibraryTest.m
        -:    0:Graph:/Users/sb/Library/Developer/Xcode/DerivedData/SeamlessPayCore-hhzsuewgtnajsudfmilhnmvjpivn/Build/Intermediates.noindex/SeamlessPayCore.build/Debug-iphonesimulator/SeamlessPayCoreTests.build/Objects-normal/x86_64/SPImageLibraryTest.gcno
        -:    0:Data:/Users/sb/Library/Developer/Xcode/DerivedData/SeamlessPayCore-hhzsuewgtnajsudfmilhnmvjpivn/Build/Intermediates.noindex/SeamlessPayCore.build/Debug-iphonesimulator/SeamlessPayCoreTests.build/Objects-normal/x86_64/SPImageLibraryTest.gcda
        -:    0:Runs:1
        -:    0:Programs:1
        -:    1://
        -:    2://  SPImageLibraryTest.m
        -:    3://  SeamlessPayCoreTests
        -:    4://
        -:    5:
        -:    6:
        -:    7:#import <XCTest/XCTest.h>
        -:    8:
        -:    9:#import "../../SeamlessPayCore/Classes/SPImageLibrary.h"
        -:   10:#import "../../SeamlessPayCore/Classes/SPImageLibrary+Extras.h"
        -:   11:
        -:   12:@interface SPImageLibraryTest : XCTestCase
        -:   13:@property NSArray<NSNumber *> *cardBrands;
        -:   14:@end
        -:   15:
        -:   16:@implementation SPImageLibraryTest
        -:   17:
        5:   18:- (void)setUp {
        -:   19:    // Put setup code here. This method is called before the invocation of each test method in the class.
       45:   20:    self.cardBrands = @[
        5:   21:                           @(SPCardBrandAmex),
        5:   22:                           @(SPCardBrandDinersClub),
        5:   23:                           @(SPCardBrandDiscover),
        5:   24:                           @(SPCardBrandJCB),
        5:   25:                           @(SPCardBrandMasterCard),
        5:   26:                           @(SPCardBrandUnionPay),
        5:   27:                           @(SPCardBrandUnknown),
        5:   28:                           @(SPCardBrandVisa),
        -:   29:                           ];
        5:   30:}
        -:   31:
        5:   32:- (void)tearDown {
        -:   33:    // Put teardown code here. This method is called after the invocation of each test method in the class.
        5:   34:}
        -:   35:
        1:   36:- (void)testCardIconMethods {
        1:   37:    XCTAssertEqual([SPImageLibrary applePayCardImage], [SPImageLibrary safeImageNamed:@"stp_card_applepay" templateIfAvailable:NO]);
        1:   38:    XCTAssertEqual([SPImageLibrary amexCardImage], [SPImageLibrary safeImageNamed:@"stp_card_amex" templateIfAvailable:NO]);
        1:   39:    XCTAssertEqual([SPImageLibrary dinersClubCardImage], [SPImageLibrary safeImageNamed:@"stp_card_diners" templateIfAvailable:NO]);
        1:   40:    XCTAssertEqual([SPImageLibrary discoverCardImage], [SPImageLibrary safeImageNamed:@"stp_card_discover" templateIfAvailable:NO]);
        1:   41:    XCTAssertEqual([SPImageLibrary jcbCardImage], [SPImageLibrary safeImageNamed:@"stp_card_jcb" templateIfAvailable:NO]);
        1:   42:    XCTAssertEqual([SPImageLibrary masterCardCardImage], [SPImageLibrary safeImageNamed:@"stp_card_mastercard" templateIfAvailable:NO]);
        1:   43:    XCTAssertEqual([SPImageLibrary unionPayCardImage], [SPImageLibrary safeImageNamed:@"stp_card_unionpay_en" templateIfAvailable:NO]);
        1:   44:    XCTAssertEqual([SPImageLibrary visaCardImage], [SPImageLibrary safeImageNamed:@"stp_card_visa" templateIfAvailable:NO]);
        1:   45:    XCTAssertEqual([SPImageLibrary unknownCardCardImage], [SPImageLibrary safeImageNamed:@"stp_card_unknown" templateIfAvailable:YES]);
        1:   46:}
        -:   47:
        1:   48:- (void)testBrandImageForCardBrand {
        8:   49:    for (NSNumber *brandNumber in self.cardBrands) {
        8:   50:        SPCardBrand brand = (SPCardBrand)[brandNumber integerValue];
        8:   51:        UIImage *image = [SPImageLibrary brandImageForCardBrand:brand];
        -:   52:
        8:   53:        switch (brand) {
        -:   54:            case SPCardBrandVisa:
        1:   55:                XCTAssertEqual(image, [SPImageLibrary safeImageNamed:@"stp_card_visa" templateIfAvailable:NO]);
        2:   56:                break;
        -:   57:            case SPCardBrandAmex:
        1:   58:                XCTAssertEqual(image, [SPImageLibrary safeImageNamed:@"stp_card_amex" templateIfAvailable:NO]);
        2:   59:                break;
        -:   60:            case SPCardBrandMasterCard:
        1:   61:                XCTAssertEqual(image, [SPImageLibrary safeImageNamed:@"stp_card_mastercard" templateIfAvailable:NO]);
        2:   62:                break;
        -:   63:            case SPCardBrandDiscover:
        1:   64:                XCTAssertEqual(image, [SPImageLibrary safeImageNamed:@"stp_card_discover" templateIfAvailable:NO]);
        2:   65:                break;
        -:   66:            case SPCardBrandJCB:
        1:   67:                XCTAssertEqual(image, [SPImageLibrary safeImageNamed:@"stp_card_jcb" templateIfAvailable:NO]);
        2:   68:                break;
        -:   69:            case SPCardBrandDinersClub:
        1:   70:                XCTAssertEqual(image, [SPImageLibrary safeImageNamed:@"stp_card_diners" templateIfAvailable:NO]);
        2:   71:                break;
        -:   72:            case SPCardBrandUnionPay:
        1:   73:                XCTAssertEqual(image, [SPImageLibrary safeImageNamed:@"stp_card_unionpay_en" templateIfAvailable:NO]);
        2:   74:                break;
        -:   75:            case SPCardBrandUnknown:
        1:   76:                XCTAssertEqual(image, [SPImageLibrary safeImageNamed:@"stp_card_unknown" templateIfAvailable:YES]);
        1:   77:                break;
        8:   78:        }
        8:   79:    }
        1:   80:}
        -:   81:
        1:   82:- (void)testTemplatedBrandImageForCardBrand {
        8:   83:    for (NSNumber *brandNumber in self.cardBrands) {
        8:   84:        SPCardBrand brand = (SPCardBrand)[brandNumber integerValue];
        8:   85:        UIImage *image = [SPImageLibrary templatedBrandImageForCardBrand:brand];
        -:   86:
        8:   87:        switch (brand) {
        -:   88:            case SPCardBrandVisa:
        1:   89:                XCTAssertEqual(image, [SPImageLibrary safeImageNamed:@"stp_card_visa_template" templateIfAvailable:YES]);
        2:   90:                break;
        -:   91:            case SPCardBrandAmex:
        1:   92:                XCTAssertEqual(image, [SPImageLibrary safeImageNamed:@"stp_card_amex_template" templateIfAvailable:YES]);
        2:   93:                break;
        -:   94:            case SPCardBrandMasterCard:
        1:   95:                XCTAssertEqual(image, [SPImageLibrary safeImageNamed:@"stp_card_mastercard_template" templateIfAvailable:YES]);
        2:   96:                break;
        -:   97:            case SPCardBrandDiscover:
        1:   98:                XCTAssertEqual(image, [SPImageLibrary safeImageNamed:@"stp_card_discover_template" templateIfAvailable:YES]);
        2:   99:                break;
        -:  100:            case SPCardBrandJCB:
        1:  101:                XCTAssertEqual(image, [SPImageLibrary safeImageNamed:@"stp_card_jcb_template" templateIfAvailable:YES]);
        2:  102:                break;
        -:  103:            case SPCardBrandDinersClub:
        1:  104:                XCTAssertEqual(image, [SPImageLibrary safeImageNamed:@"stp_card_diners_template" templateIfAvailable:YES]);
        2:  105:                break;
        -:  106:            case SPCardBrandUnionPay:
        1:  107:                XCTAssertEqual(image, [SPImageLibrary safeImageNamed:@"stp_card_unionpay_template_en" templateIfAvailable:YES]);
        2:  108:                break;
        -:  109:            case SPCardBrandUnknown:
        1:  110:                XCTAssertEqual(image, [SPImageLibrary safeImageNamed:@"stp_card_unknown" templateIfAvailable:YES]);
        1:  111:                break;
        8:  112:        }
        8:  113:    }
        1:  114:}
        -:  115:
        1:  116:- (void)testCVCImageForCardBrand {
        8:  117:    for (NSNumber *brandNumber in self.cardBrands) {
        8:  118:        SPCardBrand brand = (SPCardBrand)[brandNumber integerValue];
        8:  119:        UIImage *image = [SPImageLibrary cvcImageForCardBrand:brand];
        -:  120:
        8:  121:        switch (brand) {
        -:  122:            case SPCardBrandAmex:
        1:  123:                XCTAssertEqual(image, [SPImageLibrary safeImageNamed:@"stp_card_cvc_amex" templateIfAvailable:NO]);
        8:  124:                break;
        -:  125:
        -:  126:            default:
        7:  127:                XCTAssertEqual(image, [SPImageLibrary safeImageNamed:@"stp_card_cvc" templateIfAvailable:NO]);
        7:  128:                break;
        8:  129:        }
        8:  130:    }
        1:  131:}
        -:  132:
        1:  133:- (void)testErrorImageForCardBrand {
        8:  134:    for (NSNumber *brandNumber in self.cardBrands) {
        8:  135:        SPCardBrand brand = (SPCardBrand)[brandNumber integerValue];
        8:  136:        UIImage *image = [SPImageLibrary errorImageForCardBrand:brand];
        -:  137:
        8:  138:        switch (brand) {
        -:  139:            case SPCardBrandAmex:
        1:  140:                XCTAssertEqual(image, [SPImageLibrary safeImageNamed:@"stp_card_error_amex" templateIfAvailable:NO]);
        8:  141:                break;
        -:  142:
        -:  143:            default:
        7:  144:                XCTAssertEqual(image, [SPImageLibrary safeImageNamed:@"stp_card_error" templateIfAvailable:NO]);
        7:  145:                break;
        8:  146:        }
        8:  147:    }
        1:  148:}
        -:  149:
        -:  150:@end
