        -:    0:Source:SeamlessPayCoreTests/SPEmailAddressValidatorTest.m
        -:    0:Graph:/Users/sb/Library/Developer/Xcode/DerivedData/SeamlessPayCore-hhzsuewgtnajsudfmilhnmvjpivn/Build/Intermediates.noindex/SeamlessPayCore.build/Debug-iphonesimulator/SeamlessPayCoreTests.build/Objects-normal/x86_64/SPEmailAddressValidatorTest.gcno
        -:    0:Data:/Users/sb/Library/Developer/Xcode/DerivedData/SeamlessPayCore-hhzsuewgtnajsudfmilhnmvjpivn/Build/Intermediates.noindex/SeamlessPayCore.build/Debug-iphonesimulator/SeamlessPayCoreTests.build/Objects-normal/x86_64/SPEmailAddressValidatorTest.gcda
        -:    0:Runs:1
        -:    0:Programs:1
        -:    1://
        -:    2://  SPEmailAddressValidatorTest.m
        -:    3://  SeamlessPayCoreTests
        -:    4://
        -:    5://  Created by Oleksiy Shortov on 3/9/20.
        -:    6://  Copyright © 2020 info@seamlesspay.com. All rights reserved.
        -:    7://
        -:    8:
        -:    9:#import <XCTest/XCTest.h>
        -:   10:
        -:   11:#import "../../SeamlessPayCore/Classes/SPEmailAddressValidator.h"
        -:   12:
        -:   13:
        -:   14:@interface SPEmailAddressValidatorTest : XCTestCase
        -:   15:
        -:   16:@end
        -:   17:
        -:   18:@implementation SPEmailAddressValidatorTest
        -:   19:
        2:   20:- (void)setUp {
        -:   21:    // Put setup code here. This method is called before the invocation of each test method in the class.
        2:   22:}
        -:   23:
        2:   24:- (void)tearDown {
        -:   25:    // Put teardown code here. This method is called after the invocation of each test method in the class.
        2:   26:}
        -:   27:
        1:   28:- (void)testValidEmails {
        1:   29:    NSArray *validEmails = @[
        -:   30:                             @"test@test.com",
        -:   31:                             @"test+thing@test.com.nz",
        -:   32:                             @"a@b.c",
        -:   33:                             @"A@b.c",
        -:   34:                             ];
        4:   35:    for (NSString *email in validEmails) {
        4:   36:        XCTAssert([SPEmailAddressValidator stringIsValidEmailAddress:email]);
        4:   37:    }
        1:   38:}
        -:   39:
        1:   40:- (void)testInvalidEmails {
        1:   41:    NSArray *invalidEmails = @[
        -:   42:                               @"",
        -:   43:                               @"google.com",
        -:   44:                               @"asdf",
        -:   45:                               @"asdg@c"
        -:   46:                               ];
        4:   47:    for (NSString *email in invalidEmails) {
        4:   48:        XCTAssertFalse([SPEmailAddressValidator stringIsValidEmailAddress:email]);
        4:   49:    }
        1:   50:}
        -:   51:@end
